<?xml version="1.0" encoding="UTF-8"?>
<testng-results ignored="0" total="3" passed="3" failed="0" skipped="0">
  <reporter-output>
  </reporter-output>
  <suite started-at="2023-05-23T14:44:27 IST" name="Atcost Suite" finished-at="2023-05-23T14:45:13 IST" duration-ms="46442">
    <groups>
    </groups>
    <test started-at="2023-05-23T14:44:27 IST" name="Atcost Test" finished-at="2023-05-23T14:45:13 IST" duration-ms="46442">
      <class name="com.atcost.testCases.TC_Login_001">
        <test-method is-config="true" signature="loingTesT()[pri:0, instance:com.atcost.testCases.TC_Login_001@4fb0f2b9]" started-at="2023-05-23T14:44:27 IST" name="loingTesT" finished-at="2023-05-23T14:44:41 IST" duration-ms="14404" status="PASS">
          <reporter-output>
          </reporter-output>
        </test-method> <!-- loingTesT -->
        <test-method signature="loginwithVaildData()[pri:1, instance:com.atcost.testCases.TC_Login_001@4fb0f2b9]" started-at="2023-05-23T14:44:41 IST" name="loginwithVaildData" finished-at="2023-05-23T14:44:47 IST" duration-ms="5649" status="PASS">
          <reporter-output>
          </reporter-output>
        </test-method> <!-- loginwithVaildData -->
        <test-method is-config="true" signature="tearDown()[pri:0, instance:com.atcost.testCases.TC_Login_001@4fb0f2b9]" started-at="2023-05-23T14:44:47 IST" name="tearDown" finished-at="2023-05-23T14:44:47 IST" duration-ms="121" status="PASS">
          <reporter-output>
          </reporter-output>
        </test-method> <!-- tearDown -->
        <test-method is-config="true" signature="loingTesT()[pri:0, instance:com.atcost.testCases.TC_Login_001@4fb0f2b9]" started-at="2023-05-23T14:44:47 IST" name="loingTesT" finished-at="2023-05-23T14:44:57 IST" duration-ms="10413" status="PASS">
          <reporter-output>
          </reporter-output>
        </test-method> <!-- loingTesT -->
        <test-method signature="loginwithInVaildData(java.lang.String,java.lang.String)[pri:2, instance:com.atcost.testCases.TC_Login_001@4fb0f2b9]" started-at="2023-05-23T14:44:57 IST" name="loginwithInVaildData" data-provider="login-Data" finished-at="2023-05-23T14:45:00 IST" duration-ms="3270" status="PASS">
          <params>
            <param index="0">
              <value>
                <![CDATA[ashishdewal@gmail.com]]>
              </value>
            </param>
            <param index="1">
              <value>
                <![CDATA[Admin@123]]>
              </value>
            </param>
          </params>
          <reporter-output>
          </reporter-output>
        </test-method> <!-- loginwithInVaildData -->
        <test-method is-config="true" signature="tearDown()[pri:0, instance:com.atcost.testCases.TC_Login_001@4fb0f2b9]" started-at="2023-05-23T14:45:00 IST" name="tearDown" finished-at="2023-05-23T14:45:01 IST" duration-ms="114" status="PASS">
          <reporter-output>
          </reporter-output>
        </test-method> <!-- tearDown -->
        <test-method is-config="true" signature="loingTesT()[pri:0, instance:com.atcost.testCases.TC_Login_001@4fb0f2b9]" started-at="2023-05-23T14:45:01 IST" name="loingTesT" finished-at="2023-05-23T14:45:10 IST" duration-ms="9017" status="PASS">
          <reporter-output>
          </reporter-output>
        </test-method> <!-- loingTesT -->
        <test-method signature="loginwithInVaildData(java.lang.String,java.lang.String)[pri:2, instance:com.atcost.testCases.TC_Login_001@4fb0f2b9]" started-at="2023-05-23T14:45:10 IST" name="loginwithInVaildData" data-provider="login-Data" finished-at="2023-05-23T14:45:13 IST" duration-ms="3305" status="PASS">
          <params>
            <param index="0">
              <value>
                <![CDATA[]]>
              </value>
            </param>
            <param index="1">
              <value>
                <![CDATA[]]>
              </value>
            </param>
          </params>
          <reporter-output>
          </reporter-output>
        </test-method> <!-- loginwithInVaildData -->
        <test-method is-config="true" signature="tearDown()[pri:0, instance:com.atcost.testCases.TC_Login_001@4fb0f2b9]" started-at="2023-05-23T14:45:13 IST" name="tearDown" finished-at="2023-05-23T14:45:13 IST" duration-ms="109" status="PASS">
          <reporter-output>
          </reporter-output>
        </test-method> <!-- tearDown -->
      </class> <!-- com.atcost.testCases.TC_Login_001 -->
    </test> <!-- Atcost Test -->
  </suite> <!-- Atcost Suite -->
</testng-results>
