<?xml version="1.0" encoding="UTF-8"?>
<!-- Generated by org.testng.reporters.JUnitXMLReporter -->
<testsuite ignored="0" hostname="Cal-NileshMathur" failures="0" tests="3" name="Atcost Test" time="46.442" errors="0" timestamp="2023-05-23T14:45:13 IST">
  <testcase classname="com.atcost.testCases.TC_Login_001" name="loginwithVaildData" time="5.649"/>
  <testcase classname="com.atcost.testCases.TC_Login_001" name="loginwithInVaildData" time="3.27"/>
  <testcase classname="com.atcost.testCases.TC_Login_001" name="loginwithInVaildData" time="3.305"/>
</testsuite> <!-- Atcost Test -->
