<?xml version="1.0" encoding="UTF-8"?>
<testng-results ignored="0" total="1" passed="1" failed="0" skipped="0">
  <reporter-output>
  </reporter-output>
  <suite started-at="2023-05-11T13:06:44 IST" name="Default suite" finished-at="2023-05-11T13:07:11 IST" duration-ms="27746">
    <groups>
    </groups>
    <test started-at="2023-05-11T13:06:44 IST" name="Default test" finished-at="2023-05-11T13:07:11 IST" duration-ms="27746">
      <class name="com.atcost.testCases.TC_RegisterPage_002">
        <test-method is-config="true" signature="loingTesT()[pri:0, instance:com.atcost.testCases.TC_RegisterPage_002@d86a6f]" started-at="2023-05-11T13:06:44 IST" name="loingTesT" finished-at="2023-05-11T13:06:59 IST" duration-ms="15586" status="PASS">
          <reporter-output>
          </reporter-output>
        </test-method> <!-- loingTesT -->
        <test-method signature="NewuserRegister()[pri:0, instance:com.atcost.testCases.TC_RegisterPage_002@d86a6f]" started-at="2023-05-11T13:06:59 IST" name="NewuserRegister" finished-at="2023-05-11T13:07:11 IST" duration-ms="11872" status="PASS">
          <reporter-output>
          </reporter-output>
        </test-method> <!-- NewuserRegister -->
        <test-method is-config="true" signature="tearDown()[pri:0, instance:com.atcost.testCases.TC_RegisterPage_002@d86a6f]" started-at="2023-05-11T13:07:11 IST" name="tearDown" finished-at="2023-05-11T13:07:11 IST" duration-ms="250" status="PASS">
          <reporter-output>
          </reporter-output>
        </test-method> <!-- tearDown -->
      </class> <!-- com.atcost.testCases.TC_RegisterPage_002 -->
    </test> <!-- Default test -->
  </suite> <!-- Default suite -->
</testng-results>
